  MSAC.cpp
  main.cpp
d:\chatu docs_main\sheffield\eee\year 4\eee471\shef_e3roboporter-2016\t8_vp\outlierdetection\outlierdetection\main.cpp(149): warning C4018: '<': signed/unsigned mismatch
d:\chatu docs_main\sheffield\eee\year 4\eee471\shef_e3roboporter-2016\t8_vp\outlierdetection\outlierdetection\main.cpp(300): warning C4244: '=': conversion from 'double' to 'int', possible loss of data
  errorNIETO.cpp
d:\chatu docs_main\sheffield\eee\year 4\eee471\shef_e3roboporter-2016\t8_vp\outlierdetection\outlierdetection\errornieto.cpp(59): warning C4244: '=': conversion from 'double' to 'float', possible loss of data
d:\chatu docs_main\sheffield\eee\year 4\eee471\shef_e3roboporter-2016\t8_vp\outlierdetection\outlierdetection\errornieto.cpp(60): warning C4244: '=': conversion from 'double' to 'float', possible loss of data
d:\chatu docs_main\sheffield\eee\year 4\eee471\shef_e3roboporter-2016\t8_vp\outlierdetection\outlierdetection\errornieto.cpp(61): warning C4244: '=': conversion from 'double' to 'float', possible loss of data
  Generating Code...
  lmmin.c
  lmcurve_tyd.c
  lmcurve.c
  Generating Code...
errorNIETO.obj : error LNK2019: unresolved external symbol "void __cdecl cv::fastFree(void *)" (?fastFree@cv@@YAXPAX@Z) referenced in function "public: __thiscall cv::Mat::~Mat(void)" (??1Mat@cv@@QAE@XZ)
main.obj : error LNK2001: unresolved external symbol "void __cdecl cv::fastFree(void *)" (?fastFree@cv@@YAXPAX@Z)
MSAC.obj : error LNK2001: unresolved external symbol "void __cdecl cv::fastFree(void *)" (?fastFree@cv@@YAXPAX@Z)
errorNIETO.obj : error LNK2019: unresolved external symbol "private: char * __thiscall cv::String::allocate(unsigned int)" (?allocate@String@cv@@AAEPADI@Z) referenced in function "public: __thiscall cv::String::String(char const *)" (??0String@cv@@QAE@PBD@Z)
main.obj : error LNK2001: unresolved external symbol "private: char * __thiscall cv::String::allocate(unsigned int)" (?allocate@String@cv@@AAEPADI@Z)
MSAC.obj : error LNK2001: unresolved external symbol "private: char * __thiscall cv::String::allocate(unsigned int)" (?allocate@String@cv@@AAEPADI@Z)
errorNIETO.obj : error LNK2019: unresolved external symbol "private: void __thiscall cv::String::deallocate(void)" (?deallocate@String@cv@@AAEXXZ) referenced in function "public: __thiscall cv::String::~String(void)" (??1String@cv@@QAE@XZ)
main.obj : error LNK2001: unresolved external symbol "private: void __thiscall cv::String::deallocate(void)" (?deallocate@String@cv@@AAEXXZ)
MSAC.obj : error LNK2001: unresolved external symbol "private: void __thiscall cv::String::deallocate(void)" (?deallocate@String@cv@@AAEXXZ)
errorNIETO.obj : error LNK2019: unresolved external symbol "void __cdecl cv::error(int,class cv::String const &,char const *,char const *,int)" (?error@cv@@YAXHABVString@1@PBD1H@Z) referenced in function "public: float & __thiscall cv::Mat::at<float>(int,int)" (??$at@M@Mat@cv@@QAEAAMHH@Z)
main.obj : error LNK2001: unresolved external symbol "void __cdecl cv::error(int,class cv::String const &,char const *,char const *,int)" (?error@cv@@YAXHABVString@1@PBD1H@Z)
MSAC.obj : error LNK2001: unresolved external symbol "void __cdecl cv::error(int,class cv::String const &,char const *,char const *,int)" (?error@cv@@YAXHABVString@1@PBD1H@Z)
errorNIETO.obj : error LNK2019: unresolved external symbol "public: void __thiscall cv::Mat::create(int,int const *,int)" (?create@Mat@cv@@QAEXHPBHH@Z) referenced in function "public: void __thiscall cv::Mat::create(int,int,int)" (?create@Mat@cv@@QAEXHHH@Z)
MSAC.obj : error LNK2001: unresolved external symbol "public: void __thiscall cv::Mat::create(int,int const *,int)" (?create@Mat@cv@@QAEXHPBHH@Z)
errorNIETO.obj : error LNK2019: unresolved external symbol "public: void __thiscall cv::Mat::deallocate(void)" (?deallocate@Mat@cv@@QAEXXZ) referenced in function "public: void __thiscall cv::Mat::release(void)" (?release@Mat@cv@@QAEXXZ)
main.obj : error LNK2001: unresolved external symbol "public: void __thiscall cv::Mat::deallocate(void)" (?deallocate@Mat@cv@@QAEXXZ)
MSAC.obj : error LNK2001: unresolved external symbol "public: void __thiscall cv::Mat::deallocate(void)" (?deallocate@Mat@cv@@QAEXXZ)
errorNIETO.obj : error LNK2019: unresolved external symbol "class cv::MatExpr __cdecl cv::operator*(class cv::Mat const &,class cv::Mat const &)" (??Dcv@@YA?AVMatExpr@0@ABVMat@0@0@Z) referenced in function "void __cdecl evaluateNieto(double const *,int,void const *,double *,int *)" (?evaluateNieto@@YAXPBNHPBXPANPAH@Z)
MSAC.obj : error LNK2001: unresolved external symbol "class cv::MatExpr __cdecl cv::operator*(class cv::Mat const &,class cv::Mat const &)" (??Dcv@@YA?AVMatExpr@0@ABVMat@0@0@Z)
main.obj : error LNK2019: unresolved external symbol "class cv::_InputOutputArray const & __cdecl cv::noArray(void)" (?noArray@cv@@YAABV_InputOutputArray@1@XZ) referenced in function "void __cdecl processImage(class MSAC &,int,class cv::Mat &,class cv::Mat &)" (?processImage@@YAXAAVMSAC@@HAAVMat@cv@@1@Z)
MSAC.obj : error LNK2001: unresolved external symbol "class cv::_InputOutputArray const & __cdecl cv::noArray(void)" (?noArray@cv@@YAABV_InputOutputArray@1@XZ)
main.obj : error LNK2019: unresolved external symbol "public: void __thiscall cv::Mat::copyTo(class cv::_OutputArray const &)const " (?copyTo@Mat@cv@@QBEXABV_OutputArray@2@@Z) referenced in function _main
main.obj : error LNK2019: unresolved external symbol "double __cdecl cv::norm(class cv::_InputArray const &,int,class cv::_InputArray const &)" (?norm@cv@@YANABV_InputArray@1@H0@Z) referenced in function "void __cdecl processImage(class MSAC &,int,class cv::Mat &,class cv::Mat &)" (?processImage@@YAXAAVMSAC@@HAAVMat@cv@@1@Z)
MSAC.obj : error LNK2001: unresolved external symbol "double __cdecl cv::norm(class cv::_InputArray const &,int,class cv::_InputArray const &)" (?norm@cv@@YANABV_InputArray@1@H0@Z)
main.obj : error LNK2019: unresolved external symbol "class cv::Mat __cdecl cv::imread(class cv::String const &,int)" (?imread@cv@@YA?AVMat@1@ABVString@1@H@Z) referenced in function _main
main.obj : error LNK2019: unresolved external symbol "public: __thiscall cv::VideoCapture::VideoCapture(void)" (??0VideoCapture@cv@@QAE@XZ) referenced in function _main
main.obj : error LNK2019: unresolved external symbol "public: virtual __thiscall cv::VideoCapture::~VideoCapture(void)" (??1VideoCapture@cv@@UAE@XZ) referenced in function _main
main.obj : error LNK2019: unresolved external symbol "public: virtual bool __thiscall cv::VideoCapture::open(class cv::String const &)" (?open@VideoCapture@cv@@UAE_NABVString@2@@Z) referenced in function _main
main.obj : error LNK2019: unresolved external symbol "public: virtual bool __thiscall cv::VideoCapture::open(int)" (?open@VideoCapture@cv@@UAE_NH@Z) referenced in function _main
main.obj : error LNK2019: unresolved external symbol "public: virtual bool __thiscall cv::VideoCapture::isOpened(void)const " (?isOpened@VideoCapture@cv@@UBE_NXZ) referenced in function _main
main.obj : error LNK2019: unresolved external symbol "public: virtual void __thiscall cv::VideoCapture::release(void)" (?release@VideoCapture@cv@@UAEXXZ) referenced in function _main
main.obj : error LNK2019: unresolved external symbol "public: virtual double __thiscall cv::VideoCapture::get(int)const " (?get@VideoCapture@cv@@UBENH@Z) referenced in function _main
main.obj : error LNK2019: unresolved external symbol "int __cdecl cv::waitKey(int)" (?waitKey@cv@@YAHH@Z) referenced in function _main
main.obj : error LNK2019: unresolved external symbol "void __cdecl cv::imshow(class cv::String const &,class cv::_InputArray const &)" (?imshow@cv@@YAXABVString@1@ABV_InputArray@1@@Z) referenced in function _main
main.obj : error LNK2019: unresolved external symbol "void __cdecl cv::Canny(class cv::_InputArray const &,class cv::_OutputArray const &,double,double,int,bool)" (?Canny@cv@@YAXABV_InputArray@1@ABV_OutputArray@1@NNH_N@Z) referenced in function "void __cdecl processImage(class MSAC &,int,class cv::Mat &,class cv::Mat &)" (?processImage@@YAXAAVMSAC@@HAAVMat@cv@@1@Z)
main.obj : error LNK2019: unresolved external symbol "void __cdecl cv::HoughLinesP(class cv::_InputArray const &,class cv::_OutputArray const &,double,double,int,double,double)" (?HoughLinesP@cv@@YAXABV_InputArray@1@ABV_OutputArray@1@NNHNN@Z) referenced in function "void __cdecl processImage(class MSAC &,int,class cv::Mat &,class cv::Mat &)" (?processImage@@YAXAAVMSAC@@HAAVMat@cv@@1@Z)
main.obj : error LNK2019: unresolved external symbol "void __cdecl cv::resize(class cv::_InputArray const &,class cv::_OutputArray const &,class cv::Size_<int>,double,double,int)" (?resize@cv@@YAXABV_InputArray@1@ABV_OutputArray@1@V?$Size_@H@1@NNH@Z) referenced in function _main
main.obj : error LNK2019: unresolved external symbol "void __cdecl cv::cvtColor(class cv::_InputArray const &,class cv::_OutputArray const &,int,int)" (?cvtColor@cv@@YAXABV_InputArray@1@ABV_OutputArray@1@HH@Z) referenced in function _main
main.obj : error LNK2019: unresolved external symbol "void __cdecl cv::line(class cv::_InputOutputArray const &,class cv::Point_<int>,class cv::Point_<int>,class cv::Scalar_<double> const &,int,int,int)" (?line@cv@@YAXABV_InputOutputArray@1@V?$Point_@H@1@1ABV?$Scalar_@N@1@HHH@Z) referenced in function "void __cdecl processImage(class MSAC &,int,class cv::Mat &,class cv::Mat &)" (?processImage@@YAXAAVMSAC@@HAAVMat@cv@@1@Z)
MSAC.obj : error LNK2019: unresolved external symbol "public: class cv::Mat & __thiscall cv::Mat::setTo(class cv::_InputArray const &,class cv::_InputArray const &)" (?setTo@Mat@cv@@QAEAAV12@ABV_InputArray@2@0@Z) referenced in function "private: void __thiscall MSAC::estimateLS(class cv::Mat &,class cv::Mat &,class std::vector<int,class std::allocator<int> > &,int,class cv::Mat &)" (?estimateLS@MSAC@@AAEXAAVMat@cv@@0AAV?$vector@HV?$allocator@H@std@@@std@@H0@Z)
MSAC.obj : error LNK2019: unresolved external symbol "public: class cv::MatExpr __thiscall cv::Mat::t(void)const " (?t@Mat@cv@@QBE?AVMatExpr@2@XZ) referenced in function "private: void __thiscall MSAC::estimateLS(class cv::Mat &,class cv::Mat &,class std::vector<int,class std::allocator<int> > &,int,class cv::Mat &)" (?estimateLS@MSAC@@AAEXAAVMat@cv@@0AAV?$vector@HV?$allocator@H@std@@@std@@H0@Z)
MSAC.obj : error LNK2019: unresolved external symbol "public: class cv::MatExpr __thiscall cv::Mat::inv(int)const " (?inv@Mat@cv@@QBE?AVMatExpr@2@H@Z) referenced in function "private: void __thiscall MSAC::estimateNIETO(class cv::Mat &,class cv::Mat &,class cv::Mat &,class std::vector<int,class std::allocator<int> > &,int,class cv::Mat &)" (?estimateNIETO@MSAC@@AAEXAAVMat@cv@@00AAV?$vector@HV?$allocator@H@std@@@std@@H0@Z)
MSAC.obj : error LNK2019: unresolved external symbol "public: class cv::Mat __thiscall cv::Mat::cross(class cv::_InputArray const &)const " (?cross@Mat@cv@@QBE?AV12@ABV_InputArray@2@@Z) referenced in function "private: void __thiscall MSAC::estimateLS(class cv::Mat &,class cv::Mat &,class std::vector<int,class std::allocator<int> > &,int,class cv::Mat &)" (?estimateLS@MSAC@@AAEXAAVMat@cv@@0AAV?$vector@HV?$allocator@H@std@@@std@@H0@Z)
MSAC.obj : error LNK2019: unresolved external symbol "public: double __thiscall cv::Mat::dot(class cv::_InputArray const &)const " (?dot@Mat@cv@@QBENABV_InputArray@2@@Z) referenced in function "private: float __thiscall MSAC::errorLS(int,class cv::Mat &,class cv::Mat &,class std::vector<float,class std::allocator<float> > &,int *)" (?errorLS@MSAC@@AAEMHAAVMat@cv@@0AAV?$vector@MV?$allocator@M@std@@@std@@PAH@Z)
MSAC.obj : error LNK2019: unresolved external symbol "public: void __thiscall cv::Mat::copySize(class cv::Mat const &)" (?copySize@Mat@cv@@QAEXABV12@@Z) referenced in function "public: __thiscall cv::Mat::Mat(class cv::Mat const &)" (??0Mat@cv@@QAE@ABV01@@Z)
MSAC.obj : error LNK2019: unresolved external symbol "class cv::MatExpr __cdecl cv::operator+(class cv::Mat const &,class cv::Mat const &)" (??Hcv@@YA?AVMatExpr@0@ABVMat@0@0@Z) referenced in function "private: void __thiscall MSAC::fillDataContainers(class std::vector<class std::vector<class cv::Point_<int>,class std::allocator<class cv::Point_<int> > >,class std::allocator<class std::vector<class cv::Point_<int>,class std::allocator<class cv::Point_<int> > > > > &)" (?fillDataContainers@MSAC@@AAEXAAV?$vector@V?$vector@V?$Point_@H@cv@@V?$allocator@V?$Point_@H@cv@@@std@@@std@@V?$allocator@V?$vector@V?$Point_@H@cv@@V?$allocator@V?$Point_@H@cv@@@std@@@std@@@2@@std@@@Z)
MSAC.obj : error LNK2019: unresolved external symbol "class cv::MatExpr __cdecl cv::operator*(class cv::Mat const &,double)" (??Dcv@@YA?AVMatExpr@0@ABVMat@0@N@Z) referenced in function "private: void __thiscall MSAC::fillDataContainers(class std::vector<class std::vector<class cv::Point_<int>,class std::allocator<class cv::Point_<int> > >,class std::allocator<class std::vector<class cv::Point_<int>,class std::allocator<class cv::Point_<int> > > > > &)" (?fillDataContainers@MSAC@@AAEXAAV?$vector@V?$vector@V?$Point_@H@cv@@V?$allocator@V?$Point_@H@cv@@@std@@@std@@V?$allocator@V?$vector@V?$Point_@H@cv@@V?$allocator@V?$Point_@H@cv@@@std@@@std@@@2@@std@@@Z)
MSAC.obj : error LNK2019: unresolved external symbol "class cv::MatExpr __cdecl cv::operator*(class cv::MatExpr const &,class cv::Mat const &)" (??Dcv@@YA?AVMatExpr@0@ABV10@ABVMat@0@@Z) referenced in function "private: void __thiscall MSAC::estimateLS(class cv::Mat &,class cv::Mat &,class std::vector<int,class std::allocator<int> > &,int,class cv::Mat &)" (?estimateLS@MSAC@@AAEXAAVMat@cv@@0AAV?$vector@HV?$allocator@H@std@@@std@@H0@Z)
MSAC.obj : error LNK2019: unresolved external symbol "class cv::MatExpr __cdecl cv::operator*(double,class cv::MatExpr const &)" (??Dcv@@YA?AVMatExpr@0@NABV10@@Z) referenced in function "private: void __thiscall MSAC::fillDataContainers(class std::vector<class std::vector<class cv::Point_<int>,class std::allocator<class cv::Point_<int> > >,class std::allocator<class std::vector<class cv::Point_<int>,class std::allocator<class cv::Point_<int> > > > > &)" (?fillDataContainers@MSAC@@AAEXAAV?$vector@V?$vector@V?$Point_@H@cv@@V?$allocator@V?$Point_@H@cv@@@std@@@std@@V?$allocator@V?$vector@V?$Point_@H@cv@@V?$allocator@V?$Point_@H@cv@@@std@@@std@@@2@@std@@@Z)
MSAC.obj : error LNK2019: unresolved external symbol "class cv::MatExpr __cdecl cv::operator*(class cv::MatExpr const &,class cv::MatExpr const &)" (??Dcv@@YA?AVMatExpr@0@ABV10@0@Z) referenced in function "private: void __thiscall MSAC::estimateLS(class cv::Mat &,class cv::Mat &,class std::vector<int,class std::allocator<int> > &,int,class cv::Mat &)" (?estimateLS@MSAC@@AAEXAAVMat@cv@@0AAV?$vector@HV?$allocator@H@std@@@std@@H0@Z)
MSAC.obj : error LNK2019: unresolved external symbol "void __cdecl cv::normalize(class cv::_InputArray const &,class cv::_InputOutputArray const &,double,double,int,int,class cv::_InputArray const &)" (?normalize@cv@@YAXABV_InputArray@1@ABV_InputOutputArray@1@NNHH0@Z) referenced in function "private: void __thiscall MSAC::estimateLS(class cv::Mat &,class cv::Mat &,class std::vector<int,class std::allocator<int> > &,int,class cv::Mat &)" (?estimateLS@MSAC@@AAEXAAVMat@cv@@0AAV?$vector@HV?$allocator@H@std@@@std@@H0@Z)
MSAC.obj : error LNK2019: unresolved external symbol "public: static void __cdecl cv::SVD::compute(class cv::_InputArray const &,class cv::_OutputArray const &,class cv::_OutputArray const &,class cv::_OutputArray const &,int)" (?compute@SVD@cv@@SAXABV_InputArray@2@ABV_OutputArray@2@11H@Z) referenced in function "private: void __thiscall MSAC::estimateLS(class cv::Mat &,class cv::Mat &,class std::vector<int,class std::allocator<int> > &,int,class cv::Mat &)" (?estimateLS@MSAC@@AAEXAAVMat@cv@@0AAV?$vector@HV?$allocator@H@std@@@std@@H0@Z)
D:\Chatu Docs_MAIN\Sheffield\EEE\Year 4\EEE471\Shef_E3RoboPorter-2016\T8_VP\outlierDetection\Debug\outlierDetection.exe : fatal error LNK1120: 38 unresolved externals
